#
# A fatal error has been detected by the Java Runtime Environment:
#
#  EXCEPTION_ACCESS_VIOLATION (0xc0000005) at pc=0x000000007784aa30, pid=16952, tid=0x00000000000038a8
#
# JRE version: OpenJDK Runtime Environment (8.0_152-b02) (build 1.8.0_152-release-1024-b02)
# Java VM: OpenJDK 64-Bit Server VM (25.152-b02 mixed mode windows-amd64 compressed oops)
# Problematic frame:
# V  [jvm.dll+0x8aa30]
#
# Failed to write core dump. Minidumps are not enabled by default on client versions of Windows
#
# If you would like to submit a bug report, please visit:
#   http://bugreport.java.com/bugreport/crash.jsp
#

---------------  T H R E A D  ---------------

Current thread (0x00000000032bb000):  GCTaskThread [stack: 0x0000000012e70000,0x0000000012f70000] [id=14504]

siginfo: ExceptionCode=0xc0000005, reading address 0x000000032ba37250

Registers:
RAX=0x0000000000000001, RBX=0x00000000e030b1f0, RCX=0x00000000e030b1f0, RDX=0x000000032ba37248
RSP=0x0000000012f6fa48, RBP=0x0000000000000000, RSI=0x0000000016cd33c0, RDI=0x0000000016cd33c0
R8 =0x0000000016cd33c0, R9 =0x0000000000000005, R10=0x0000000000000008, R11=0x00000000e6564000
R12=0x0000000077da8ed0, R13=0x6d6f72662e736c69, R14=0x0000000000000000, R15=0x00000000032bb640
RIP=0x000000007784aa30, EFLAGS=0x0000000000010206

Top of Stack: (sp=0x0000000012f6fa48)
0x0000000012f6fa48:   0000000077b8cc82 00000000e2dd29f0
0x0000000012f6fa58:   0000000000000005 0000000016cd33c0
0x0000000012f6fa68:   0000000077b8db95 00000000e655c010
0x0000000012f6fa78:   0000000000001000 0000000016cd33c0
0x0000000012f6fa88:   0000000016cd33c0 0000000000000000
0x0000000012f6fa98:   00000000032b2a00 0000000077da8ed0
0x0000000012f6faa8:   0000000077b8cff0 00000000e655db58
0x0000000012f6fab8:   0000000000000000 0000000016cd33c0
0x0000000012f6fac8:   0000000016cd33c0 00000000e655db58
0x0000000012f6fad8:   0000000077b8db95 00000000e4bc7f60
0x0000000012f6fae8:   0000000000000000 0000000016cd33c0
0x0000000012f6faf8:   00000000a3fb1668 00000000a3fb1600
0x0000000012f6fb08:   0000000000000c00 0000000000000000
0x0000000012f6fb18:   0000000000000000 00000000032bb600
0x0000000012f6fb28:   000000001d37f000 0000000077dd5f01
0x0000000012f6fb38:   00000000779afa01 000046cc999aec44 

Instructions: (pc=0x000000007784aa30)
0x000000007784aa10:   6c 4e 1d 00 48 8b 9c 24 c0 00 00 00 48 81 c4 b0
0x000000007784aa20:   00 00 00 5d c3 cc cc cc cc cc cc cc cc cc cc cc
0x000000007784aa30:   44 8b 42 08 4c 8b ca 45 85 c0 7e 0e 41 f6 c0 01
0x000000007784aa40:   75 57 41 c1 f8 03 41 8b c0 c3 79 4d 80 3d 7e fe 


Register to memory mapping:

RAX=0x0000000000000001 is an unknown value
RBX=0x00000000e030b1f0 is an oop

[error occurred during error reporting (printing register info), id 0xc0000005]

Stack: [0x0000000012e70000,0x0000000012f70000],  sp=0x0000000012f6fa48,  free space=1022k
Native frames: (J=compiled Java code, j=interpreted, Vv=VM code, C=native code)


---------------  P R O C E S S  ---------------

Java Threads: ( => current thread )
  0x000000001d37f000 JavaThread "Task worker for ':' Thread 3" [_thread_blocked, id=17600, stack(0x000000003c180000,0x000000003c280000)]
  0x000000001d37e800 JavaThread "Task worker for ':' Thread 2" [_thread_blocked, id=4264, stack(0x000000003c080000,0x000000003c180000)]
  0x000000001d37d000 JavaThread "Task worker for ':'" [_thread_blocked, id=13508, stack(0x000000003bf80000,0x000000003c080000)]
  0x000000001d37c000 JavaThread "Cache worker for Build Output Cleanup Cache (D:\AndroidStudioProject\IoT_Based_Parking_System_LetsPark\.gradle\buildOutputCleanup)" [_thread_blocked, id=6920, stack(0x000000003be80000,0x000000003bf80000)]
  0x000000001d37a000 JavaThread "Cache worker for task history cache (D:\AndroidStudioProject\IoT_Based_Parking_System_LetsPark\.gradle\4.4\taskHistory)" [_thread_blocked, id=124, stack(0x000000003bd80000,0x000000003be80000)]
  0x000000001d378800 JavaThread "Cache worker for file content cache (D:\AndroidStudioProject\IoT_Based_Parking_System_LetsPark\.gradle\4.4\fileContent)" [_thread_blocked, id=13740, stack(0x000000003bc80000,0x000000003bd80000)]
  0x000000001d37d800 JavaThread "build operations Thread 4" [_thread_blocked, id=14860, stack(0x000000003bb80000,0x000000003bc80000)]
  0x0000000018e89800 JavaThread "build operations Thread 3" [_thread_blocked, id=12100, stack(0x000000003ba80000,0x000000003bb80000)]
  0x0000000018e88000 JavaThread "build operations Thread 2" [_thread_blocked, id=4116, stack(0x000000003b980000,0x000000003ba80000)]
  0x0000000018e7e000 JavaThread "build operations" [_thread_blocked, id=16072, stack(0x000000003b880000,0x000000003b980000)]
  0x0000000018e7d800 JavaThread "Cache worker for Artifact transforms cache (C:\Users\T\.gradle\caches\transforms-1)" [_thread_blocked, id=1432, stack(0x000000003b780000,0x000000003b880000)]
  0x0000000018e7c800 JavaThread "Cache worker for file hash cache (D:\AndroidStudioProject\IoT_Based_Parking_System_LetsPark\.gradle\4.4\fileHashes)" [_thread_blocked, id=11608, stack(0x000000003b680000,0x000000003b780000)]
  0x0000000018e83800 JavaThread "Stdin handler" [_thread_blocked, id=15444, stack(0x000000003b580000,0x000000003b680000)]
  0x0000000018e7b800 JavaThread "Asynchronous log dispatcher for DefaultDaemonConnection: socket connection from /127.0.0.1:20145 to /127.0.0.1:20521" [_thread_blocked, id=12976, stack(0x000000003b480000,0x000000003b580000)]
  0x0000000018e7b000 JavaThread "Daemon worker Thread 11" [_thread_blocked, id=14944, stack(0x000000003b380000,0x000000003b480000)]
  0x0000000018e7a000 JavaThread "Cancel handler" [_thread_blocked, id=336, stack(0x000000003b280000,0x000000003b380000)]
  0x0000000018e81000 JavaThread "Handler for socket connection from /127.0.0.1:20145 to /127.0.0.1:20521" [_thread_in_native, id=17132, stack(0x000000003b180000,0x000000003b280000)]
  0x0000000018e7f800 JavaThread "Daemon Thread 11" [_thread_blocked, id=13756, stack(0x000000003b080000,0x000000003b180000)]
  0x000000001cfec000 JavaThread "Memory manager" [_thread_blocked, id=10768, stack(0x000000001fea0000,0x000000001ffa0000)]
  0x000000001b716800 JavaThread "File lock request listener" [_thread_in_native, id=17632, stack(0x000000001c5a0000,0x000000001c6a0000)]
  0x0000000018f44000 JavaThread "Cache worker for file hash cache (C:\Users\T\.gradle\caches\4.4\fileHashes)" [_thread_blocked, id=18196, stack(0x000000001c4a0000,0x000000001c5a0000)]
  0x00000000191c2800 JavaThread "Daemon periodic checks" [_thread_blocked, id=17532, stack(0x000000001a870000,0x000000001a970000)]
  0x0000000018f82000 JavaThread "Incoming local TCP Connector on port 20145" [_thread_in_native, id=17992, stack(0x000000001a630000,0x000000001a730000)]
  0x00000000181da000 JavaThread "Service Thread" daemon [_thread_blocked, id=14060, stack(0x0000000018a60000,0x0000000018b60000)]
  0x000000001819c000 JavaThread "C1 CompilerThread2" daemon [_thread_blocked, id=18080, stack(0x0000000018960000,0x0000000018a60000)]
  0x0000000016d6c800 JavaThread "C2 CompilerThread1" daemon [_thread_blocked, id=16464, stack(0x0000000018860000,0x0000000018960000)]
  0x0000000016d1f000 JavaThread "C2 CompilerThread0" daemon [_thread_blocked, id=6468, stack(0x0000000018760000,0x0000000018860000)]
  0x0000000016d07000 JavaThread "Attach Listener" daemon [_thread_blocked, id=220, stack(0x0000000018660000,0x0000000018760000)]
  0x0000000018168800 JavaThread "Signal Dispatcher" daemon [_thread_blocked, id=14312, stack(0x0000000018560000,0x0000000018660000)]
  0x000000000339d000 JavaThread "Finalizer" daemon [_thread_blocked, id=17168, stack(0x0000000017f70000,0x0000000018070000)]
  0x0000000003392000 JavaThread "Reference Handler" daemon [_thread_blocked, id=14908, stack(0x0000000017e70000,0x0000000017f70000)]
  0x0000000002e8e800 JavaThread "main" [_thread_blocked, id=18412, stack(0x0000000002d70000,0x0000000002e70000)]

Other Threads:
  0x0000000016cd5000 VMThread [stack: 0x0000000017d70000,0x0000000017e70000] [id=16508]
  0x00000000181dc000 WatcherThread [stack: 0x0000000018b60000,0x0000000018c60000] [id=17396]

=>0x00000000032bb000 (exited) GCTaskThread [stack: 0x0000000012e70000,0x0000000012f70000] [id=14504]

VM state:at safepoint (normal execution)

VM Mutex/Monitor currently owned by a thread:  ([mutex/lock_event])
[0x0000000002e8dde0] Threads_lock - owner thread: 0x0000000016cd5000
[0x0000000002e8d560] Heap_lock - owner thread: 0x000000001d37f000

Heap:
 PSYoungGen      total 94720K, used 94233K [0x00000000e0000000, 0x00000000e6f00000, 0x0000000100000000)
  eden space 86016K, 100% used [0x00000000e0000000,0x00000000e5400000,0x00000000e5400000)
  from space 8704K, 94% used [0x00000000e5580000,0x00000000e5d86740,0x00000000e5e00000)
  to   space 13824K, 42% used [0x00000000e6180000,0x00000000e673c010,0x00000000e6f00000)
 ParOldGen       total 164352K, used 65317K [0x00000000a0000000, 0x00000000aa080000, 0x00000000e0000000)
  object space 164352K, 39% used [0x00000000a0000000,0x00000000a3fc9668,0x00000000aa080000)
 Metaspace       used 79047K, capacity 84932K, committed 85120K, reserved 1122304K
  class space    used 10257K, capacity 11351K, committed 11392K, reserved 1048576K

Card table byte_map: [0x0000000012760000,0x0000000012a70000] byte_map_base: 0x0000000012260000

Marking Bits: (ParMarkBitMap*) 0x0000000077f84970
 Begin Bits: [0x0000000013070000, 0x0000000014870000)
 End Bits:   [0x0000000014870000, 0x0000000016070000)

Polling page: 0x0000000000ff0000

CodeCache: size=245760Kb used=51602Kb max_used=51639Kb free=194157Kb
 bounds [0x00000000033a0000, 0x0000000006680000, 0x00000000123a0000]
 total_blobs=15688 nmethods=14850 adapters=749
 compilation: enabled

Compilation events (10 events):
Event: 2155.701 Thread 0x0000000016d6c800 18400       4       org.gradle.api.tasks.util.internal.CachingPatternSpecFactory$SpecKey::equals (89 bytes)
Event: 2155.707 Thread 0x0000000016d6c800 nmethod 18400 0x0000000003bb2b90 code [0x0000000003bb2d00, 0x0000000003bb2f38]
Event: 2156.118 Thread 0x0000000016d1f000 18401       4       java.util.Collections::reverseOrder (32 bytes)
Event: 2156.119 Thread 0x0000000016d6c800 18402       4       org.gradle.api.internal.artifacts.ivyservice.ivyresolve.strategy.DefaultVersionComparator::compare (28 bytes)
Event: 2156.120 Thread 0x0000000016d1f000 nmethod 18401 0x000000000511dc50 code [0x000000000511dda0, 0x000000000511deb8]
Event: 2156.121 Thread 0x0000000016d6c800 nmethod 18402 0x0000000003c66f10 code [0x0000000003c67080, 0x0000000003c67248]
Event: 2156.121 Thread 0x0000000016d1f000 18403       4       java.util.Collections$SingletonList::iterator (8 bytes)
Event: 2156.123 Thread 0x0000000016d1f000 nmethod 18403 0x00000000048b0ed0 code [0x00000000048b1020, 0x00000000048b10f8]
Event: 2156.191 Thread 0x000000001819c000 18404       3       com.google.common.collect.EmptyImmutableSortedMap::entrySet (4 bytes)
Event: 2156.192 Thread 0x000000001819c000 nmethod 18404 0x00000000042d9390 code [0x00000000042d9500, 0x00000000042d96b0]

GC Heap History (10 events):
Event: 2011.942 GC heap after
Heap after GC invocations=48 (full 3):
 PSYoungGen      total 100864K, used 6704K [0x00000000e0000000, 0x00000000e7980000, 0x0000000100000000)
  eden space 93696K, 0% used [0x00000000e0000000,0x00000000e0000000,0x00000000e5b80000)
  from space 7168K, 93% used [0x00000000e5d80000,0x00000000e640c050,0x00000000e6480000)
  to   space 15360K, 0% used [0x00000000e6a80000,0x00000000e6a80000,0x00000000e7980000)
 ParOldGen       total 164352K, used 65141K [0x00000000a0000000, 0x00000000aa080000, 0x00000000e0000000)
  object space 164352K, 39% used [0x00000000a0000000,0x00000000a3f9d668,0x00000000aa080000)
 Metaspace       used 78023K, capacity 82858K, committed 83072K, reserved 1122304K
  class space    used 10089K, capacity 11040K, committed 11136K, reserved 1048576K
}
Event: 2056.565 GC heap before
{Heap before GC invocations=49 (full 3):
 PSYoungGen      total 100864K, used 100400K [0x00000000e0000000, 0x00000000e7980000, 0x0000000100000000)
  eden space 93696K, 100% used [0x00000000e0000000,0x00000000e5b80000,0x00000000e5b80000)
  from space 7168K, 93% used [0x00000000e5d80000,0x00000000e640c050,0x00000000e6480000)
  to   space 15360K, 0% used [0x00000000e6a80000,0x00000000e6a80000,0x00000000e7980000)
 ParOldGen       total 164352K, used 65141K [0x00000000a0000000, 0x00000000aa080000, 0x00000000e0000000)
  object space 164352K, 39% used [0x00000000a0000000,0x00000000a3f9d668,0x00000000aa080000)
 Metaspace       used 78058K, capacity 82934K, committed 83072K, reserved 1122304K
  class space    used 10090K, capacity 11042K, committed 11136K, reserved 1048576K
Event: 2056.571 GC heap after
Heap after GC invocations=49 (full 3):
 PSYoungGen      total 104960K, used 2976K [0x00000000e0000000, 0x00000000e7780000, 0x0000000100000000)
  eden space 91648K, 0% used [0x00000000e0000000,0x00000000e0000000,0x00000000e5980000)
  from space 13312K, 22% used [0x00000000e6a80000,0x00000000e6d68020,0x00000000e7780000)
  to   space 15360K, 0% used [0x00000000e5980000,0x00000000e5980000,0x00000000e6880000)
 ParOldGen       total 164352K, used 65189K [0x00000000a0000000, 0x00000000aa080000, 0x00000000e0000000)
  object space 164352K, 39% used [0x00000000a0000000,0x00000000a3fa9668,0x00000000aa080000)
 Metaspace       used 78058K, capacity 82934K, committed 83072K, reserved 1122304K
  class space    used 10090K, capacity 11042K, committed 11136K, reserved 1048576K
}
Event: 2059.759 GC heap before
{Heap before GC invocations=50 (full 3):
 PSYoungGen      total 104960K, used 94624K [0x00000000e0000000, 0x00000000e7780000, 0x0000000100000000)
  eden space 91648K, 100% used [0x00000000e0000000,0x00000000e5980000,0x00000000e5980000)
  from space 13312K, 22% used [0x00000000e6a80000,0x00000000e6d68020,0x00000000e7780000)
  to   space 15360K, 0% used [0x00000000e5980000,0x00000000e5980000,0x00000000e6880000)
 ParOldGen       total 164352K, used 65189K [0x00000000a0000000, 0x00000000aa080000, 0x00000000e0000000)
  object space 164352K, 39% used [0x00000000a0000000,0x00000000a3fa9668,0x00000000aa080000)
 Metaspace       used 78080K, capacity 82934K, committed 83072K, reserved 1122304K
  class space    used 10091K, capacity 11042K, committed 11136K, reserved 1048576K
Event: 2059.769 GC heap after
Heap after GC invocations=50 (full 3):
 PSYoungGen      total 96256K, used 6336K [0x00000000e0000000, 0x00000000e7480000, 0x0000000100000000)
  eden space 89600K, 0% used [0x00000000e0000000,0x00000000e0000000,0x00000000e5780000)
  from space 6656K, 95% used [0x00000000e5980000,0x00000000e5fb0020,0x00000000e6000000)
  to   space 14848K, 0% used [0x00000000e6600000,0x00000000e6600000,0x00000000e7480000)
 ParOldGen       total 164352K, used 65221K [0x00000000a0000000, 0x00000000aa080000, 0x00000000e0000000)
  object space 164352K, 39% used [0x00000000a0000000,0x00000000a3fb1668,0x00000000aa080000)
 Metaspace       used 78080K, capacity 82934K, committed 83072K, reserved 1122304K
  class space    used 10091K, capacity 11042K, committed 11136K, reserved 1048576K
}
Event: 2062.217 GC heap before
{Heap before GC invocations=51 (full 3):
 PSYoungGen      total 96256K, used 95936K [0x00000000e0000000, 0x00000000e7480000, 0x0000000100000000)
  eden space 89600K, 100% used [0x00000000e0000000,0x00000000e5780000,0x00000000e5780000)
  from space 6656K, 95% used [0x00000000e5980000,0x00000000e5fb0020,0x00000000e6000000)
  to   space 14848K, 0% used [0x00000000e6600000,0x00000000e6600000,0x00000000e7480000)
 ParOldGen       total 164352K, used 65221K [0x00000000a0000000, 0x00000000aa080000, 0x00000000e0000000)
  object space 164352K, 39% used [0x00000000a0000000,0x00000000a3fb1668,0x00000000aa080000)
 Metaspace       used 78108K, capacity 82934K, committed 83072K, reserved 1122304K
  class space    used 10091K, capacity 11042K, committed 11136K, reserved 1048576K
Event: 2062.228 GC heap after
Heap after GC invocations=51 (full 3):
 PSYoungGen      total 99328K, used 7280K [0x00000000e0000000, 0x00000000e7180000, 0x0000000100000000)
  eden space 87552K, 0% used [0x00000000e0000000,0x00000000e0000000,0x00000000e5580000)
  from space 11776K, 61% used [0x00000000e6600000,0x00000000e6d1c050,0x00000000e7180000)
  to   space 14336K, 0% used [0x00000000e5580000,0x00000000e5580000,0x00000000e6380000)
 ParOldGen       total 164352K, used 65253K [0x00000000a0000000, 0x00000000aa080000, 0x00000000e0000000)
  object space 164352K, 39% used [0x00000000a0000000,0x00000000a3fb9668,0x00000000aa080000)
 Metaspace       used 78108K, capacity 82934K, committed 83072K, reserved 1122304K
  class space    used 10091K, capacity 11042K, committed 11136K, reserved 1048576K
}
Event: 2063.173 GC heap before
{Heap before GC invocations=52 (full 3):
 PSYoungGen      total 99328K, used 94832K [0x00000000e0000000, 0x00000000e7180000, 0x0000000100000000)
  eden space 87552K, 100% used [0x00000000e0000000,0x00000000e5580000,0x00000000e5580000)
  from space 11776K, 61% used [0x00000000e6600000,0x00000000e6d1c050,0x00000000e7180000)
  to   space 14336K, 0% used [0x00000000e5580000,0x00000000e5580000,0x00000000e6380000)
 ParOldGen       total 164352K, used 65253K [0x00000000a0000000, 0x00000000aa080000, 0x00000000e0000000)
  object space 164352K, 39% used [0x00000000a0000000,0x00000000a3fb9668,0x00000000aa080000)
 Metaspace       used 78209K, capacity 83074K, committed 83328K, reserved 1122304K
  class space    used 10091K, capacity 11042K, committed 11136K, reserved 1048576K
Event: 2063.183 GC heap after
Heap after GC invocations=52 (full 3):
 PSYoungGen      total 94720K, used 8217K [0x00000000e0000000, 0x00000000e6f00000, 0x0000000100000000)
  eden space 86016K, 0% used [0x00000000e0000000,0x00000000e0000000,0x00000000e5400000)
  from space 8704K, 94% used [0x00000000e5580000,0x00000000e5d86740,0x00000000e5e00000)
  to   space 13824K, 0% used [0x00000000e6180000,0x00000000e6180000,0x00000000e6f00000)
 ParOldGen       total 164352K, used 65285K [0x00000000a0000000, 0x00000000aa080000, 0x00000000e0000000)
  object space 164352K, 39% used [0x00000000a0000000,0x00000000a3fc1668,0x00000000aa080000)
 Metaspace       used 78209K, capacity 83074K, committed 83328K, reserved 1122304K
  class space    used 10091K, capacity 11042K, committed 11136K, reserved 1048576K
}
Event: 2156.325 GC heap before
{Heap before GC invocations=53 (full 3):
 PSYoungGen      total 94720K, used 94233K [0x00000000e0000000, 0x00000000e6f00000, 0x0000000100000000)
  eden space 86016K, 100% used [0x00000000e0000000,0x00000000e5400000,0x00000000e5400000)
  from space 8704K, 94% used [0x00000000e5580000,0x00000000e5d86740,0x00000000e5e00000)
  to   space 13824K, 0% used [0x00000000e6180000,0x00000000e6180000,0x00000000e6f00000)
 ParOldGen       total 164352K, used 65285K [0x00000000a0000000, 0x00000000aa080000, 0x00000000e0000000)
  object space 164352K, 39% used [0x00000000a0000000,0x00000000a3fc1668,0x00000000aa080000)
 Metaspace       used 79047K, capacity 84932K, committed 85120K, reserved 1122304K
  class space    used 10257K, capacity 11351K, committed 11392K, reserved 1048576K

Deoptimization events (10 events):
Event: 1176.445 Thread 0x0000000018e7c800 Uncommon trap: reason=unstable_if action=reinterpret pc=0x00000000041a817c method=java.util.concurrent.ConcurrentHashMap.get(Ljava/lang/Object;)Ljava/lang/Object; @ 86
Event: 1221.286 Thread 0x000000001cff3800 Uncommon trap: reason=unstable_if action=reinterpret pc=0x00000000038a49d4 method=java.util.concurrent.ConcurrentHashMap.get(Ljava/lang/Object;)Ljava/lang/Object; @ 86
Event: 1280.290 Thread 0x000000001cfe9000 Uncommon trap: reason=predicate action=maybe_recompile pc=0x00000000062300d8 method=com.google.common.collect.RegularImmutableMap.fromEntryArray(I[Ljava/util/Map$Entry;)Lcom/google/common/collect/RegularImmutableMap; @ 62
Event: 1280.317 Thread 0x00000000196a1000 Uncommon trap: reason=array_check action=maybe_recompile pc=0x000000000624e424 method=com.google.common.collect.RegularImmutableMap.fromEntryArray(I[Ljava/util/Map$Entry;)Lcom/google/common/collect/RegularImmutableMap; @ 200
Event: 1435.734 Thread 0x000000001cfe9000 Uncommon trap: reason=array_check action=maybe_recompile pc=0x000000000624e424 method=com.google.common.collect.RegularImmutableMap.fromEntryArray(I[Ljava/util/Map$Entry;)Lcom/google/common/collect/RegularImmutableMap; @ 200
Event: 1435.735 Thread 0x000000001cfe9000 Uncommon trap: reason=array_check action=maybe_recompile pc=0x000000000624e424 method=com.google.common.collect.RegularImmutableMap.fromEntryArray(I[Ljava/util/Map$Entry;)Lcom/google/common/collect/RegularImmutableMap; @ 200
Event: 1435.735 Thread 0x000000001cfe9000 Uncommon trap: reason=array_check action=maybe_recompile pc=0x000000000624e424 method=com.google.common.collect.RegularImmutableMap.fromEntryArray(I[Ljava/util/Map$Entry;)Lcom/google/common/collect/RegularImmutableMap; @ 200
Event: 1439.565 Thread 0x0000000018e7e000 Uncommon trap: reason=unstable_if action=reinterpret pc=0x00000000049f90cc method=com.google.common.cache.LongAdder.add(J)V @ 24
Event: 2061.382 Thread 0x000000001d380000 Uncommon trap: reason=unstable_if action=reinterpret pc=0x0000000005853e5c method=com.sun.tools.javac.code.Scope.lookup(Lcom/sun/tools/javac/util/Name;Lcom/sun/tools/javac/util/Filter;)Lcom/sun/tools/javac/code/Scope$Entry; @ 19
Event: 2063.212 Thread 0x0000000018e7d800 Uncommon trap: reason=unstable_if action=reinterpret pc=0x0000000004db27c8 method=java.math.MutableBigInteger.add(Ljava/math/MutableBigInteger;)V @ 171

Classes redefined (0 events):
No events

Internal exceptions (10 events):
Event: 2155.096 Thread 0x0000000018e7b000 Exception <a 'sun/nio/fs/WindowsException'> (0x00000000e26832f8) thrown at [D:\src\AOSP-openjdk-cygwin\jdk8u\hotspot\src\share\vm\prims\jni.cpp, line 709]
Event: 2155.096 Thread 0x0000000018e7b000 Exception <a 'sun/nio/fs/WindowsException'> (0x00000000e2683ca8) thrown at [D:\src\AOSP-openjdk-cygwin\jdk8u\hotspot\src\share\vm\prims\jni.cpp, line 709]
Event: 2155.096 Thread 0x0000000018e7b000 Exception <a 'sun/nio/fs/WindowsException'> (0x00000000e26867d0) thrown at [D:\src\AOSP-openjdk-cygwin\jdk8u\hotspot\src\share\vm\prims\jni.cpp, line 709]
Event: 2155.096 Thread 0x0000000018e7b000 Exception <a 'sun/nio/fs/WindowsException'> (0x00000000e2687190) thrown at [D:\src\AOSP-openjdk-cygwin\jdk8u\hotspot\src\share\vm\prims\jni.cpp, line 709]
Event: 2155.096 Thread 0x0000000018e7b000 Exception <a 'sun/nio/fs/WindowsException'> (0x00000000e2688df8) thrown at [D:\src\AOSP-openjdk-cygwin\jdk8u\hotspot\src\share\vm\prims\jni.cpp, line 709]
Event: 2155.097 Thread 0x0000000018e7b000 Exception <a 'sun/nio/fs/WindowsException'> (0x00000000e26897d8) thrown at [D:\src\AOSP-openjdk-cygwin\jdk8u\hotspot\src\share\vm\prims\jni.cpp, line 709]
Event: 2155.097 Thread 0x0000000018e7b000 Exception <a 'sun/nio/fs/WindowsException'> (0x00000000e268c020) thrown at [D:\src\AOSP-openjdk-cygwin\jdk8u\hotspot\src\share\vm\prims\jni.cpp, line 709]
Event: 2155.097 Thread 0x0000000018e7b000 Exception <a 'sun/nio/fs/WindowsException'> (0x00000000e268ca10) thrown at [D:\src\AOSP-openjdk-cygwin\jdk8u\hotspot\src\share\vm\prims\jni.cpp, line 709]
Event: 2155.097 Thread 0x0000000018e7b000 Exception <a 'sun/nio/fs/WindowsException'> (0x00000000e268e6f0) thrown at [D:\src\AOSP-openjdk-cygwin\jdk8u\hotspot\src\share\vm\prims\jni.cpp, line 709]
Event: 2155.097 Thread 0x0000000018e7b000 Exception <a 'sun/nio/fs/WindowsException'> (0x00000000e268f0f0) thrown at [D:\src\AOSP-openjdk-cygwin\jdk8u\hotspot\src\share\vm\prims\jni.cpp, line 709]

Events (10 events):
Event: 2155.345 Thread 0x000000001819c000 flushing nmethod 0x0000000004dda610
Event: 2155.345 Thread 0x000000001819c000 flushing nmethod 0x0000000004de3390
Event: 2155.345 Thread 0x000000001819c000 flushing nmethod 0x0000000004de5fd0
Event: 2155.346 Thread 0x000000001819c000 flushing nmethod 0x0000000004e5e750
Event: 2155.351 Thread 0x0000000016d6c800 flushing nmethod 0x000000000511dc50
Event: 2155.351 Thread 0x0000000016d6c800 flushing nmethod 0x000000000519d410
Event: 2155.451 Executing VM operation: RevokeBias
Event: 2155.452 Executing VM operation: RevokeBias done
Event: 2155.458 Thread 0x000000001819c000 flushing nmethod 0x0000000005bffbd0
Event: 2156.324 Executing VM operation: ParallelGCFailedAllocation


Dynamic libraries:
0x00007ff6b9fe0000 - 0x00007ff6ba011000 	C:\Program Files\Android\Android Studio\jre\bin\java.exe
0x00007ff92c0a0000 - 0x00007ff92c281000 	C:\WINDOWS\SYSTEM32\ntdll.dll
0x00007ff90d2b0000 - 0x00007ff90d2e4000 	C:\Program Files\AVAST Software\Avast\x64\aswhooka.dll
0x00007ff929a40000 - 0x00007ff929af2000 	C:\WINDOWS\System32\KERNEL32.DLL
0x00007ff928e30000 - 0x00007ff9290a3000 	C:\WINDOWS\System32\KERNELBASE.dll
0x00007ff929b00000 - 0x00007ff929ba1000 	C:\WINDOWS\System32\ADVAPI32.dll
0x00007ff929d10000 - 0x00007ff929dae000 	C:\WINDOWS\System32\msvcrt.dll
0x00007ff929cb0000 - 0x00007ff929d0b000 	C:\WINDOWS\System32\sechost.dll
0x00007ff92be70000 - 0x00007ff92bf94000 	C:\WINDOWS\System32\RPCRT4.dll
0x00007ff92a240000 - 0x00007ff92a3d0000 	C:\WINDOWS\System32\USER32.dll
0x00007ff928b80000 - 0x00007ff928ba0000 	C:\WINDOWS\System32\win32u.dll
0x00007ff929bb0000 - 0x00007ff929bd8000 	C:\WINDOWS\System32\GDI32.dll
0x00007ff929240000 - 0x00007ff9293d2000 	C:\WINDOWS\System32\gdi32full.dll
0x00007ff928ba0000 - 0x00007ff928c3f000 	C:\WINDOWS\System32\msvcp_win.dll
0x00007ff929430000 - 0x00007ff92952a000 	C:\WINDOWS\System32\ucrtbase.dll
0x00007ff916a20000 - 0x00007ff916c89000 	C:\WINDOWS\WinSxS\amd64_microsoft.windows.common-controls_6595b64144ccf1df_6.0.17134.228_none_fb4599993062b194\COMCTL32.dll
0x00007ff92a480000 - 0x00007ff92a7a3000 	C:\WINDOWS\System32\combase.dll
0x00007ff9291c0000 - 0x00007ff92923a000 	C:\WINDOWS\System32\bcryptPrimitives.dll
0x00007ff92a7b0000 - 0x00007ff92a7dd000 	C:\WINDOWS\System32\IMM32.DLL
0x0000000050f90000 - 0x0000000051062000 	C:\Program Files\Android\Android Studio\jre\jre\bin\msvcr100.dll
0x00000000777c0000 - 0x0000000077fff000 	C:\Program Files\Android\Android Studio\jre\jre\bin\server\jvm.dll
0x00007ff929540000 - 0x00007ff929548000 	C:\WINDOWS\System32\PSAPI.DLL
0x00007ff9158e0000 - 0x00007ff9158e9000 	C:\WINDOWS\SYSTEM32\WSOCK32.dll
0x00007ff929eb0000 - 0x00007ff929f1c000 	C:\WINDOWS\System32\WS2_32.dll
0x00007ff926260000 - 0x00007ff926283000 	C:\WINDOWS\SYSTEM32\WINMM.dll
0x00007ff923590000 - 0x00007ff92359a000 	C:\WINDOWS\SYSTEM32\VERSION.dll
0x00007ff926230000 - 0x00007ff92625a000 	C:\WINDOWS\SYSTEM32\WINMMBASE.dll
0x00007ff9293e0000 - 0x00007ff929429000 	C:\WINDOWS\System32\cfgmgr32.dll
0x00007ff9240e0000 - 0x00007ff9240ef000 	C:\Program Files\Android\Android Studio\jre\jre\bin\verify.dll
0x00007ff920310000 - 0x00007ff920339000 	C:\Program Files\Android\Android Studio\jre\jre\bin\java.dll
0x00007ff91f710000 - 0x00007ff91f726000 	C:\Program Files\Android\Android Studio\jre\jre\bin\zip.dll
0x00007ff92a940000 - 0x00007ff92bd80000 	C:\WINDOWS\System32\SHELL32.dll
0x00007ff92a3d0000 - 0x00007ff92a479000 	C:\WINDOWS\System32\shcore.dll
0x00007ff928470000 - 0x00007ff928b7d000 	C:\WINDOWS\System32\windows.storage.dll
0x00007ff92c010000 - 0x00007ff92c061000 	C:\WINDOWS\System32\shlwapi.dll
0x00007ff928410000 - 0x00007ff928421000 	C:\WINDOWS\System32\kernel.appcore.dll
0x00007ff928430000 - 0x00007ff92844f000 	C:\WINDOWS\System32\profapi.dll
0x00007ff9283c0000 - 0x00007ff92840c000 	C:\WINDOWS\System32\powrprof.dll
0x00007ff9283b0000 - 0x00007ff9283ba000 	C:\WINDOWS\System32\FLTLIB.DLL
0x00007ff91b270000 - 0x00007ff91b28a000 	C:\Program Files\Android\Android Studio\jre\jre\bin\net.dll
0x00007ff927c30000 - 0x00007ff927c96000 	C:\WINDOWS\system32\mswsock.dll
0x00007ff91b000000 - 0x00007ff91b011000 	C:\Program Files\Android\Android Studio\jre\jre\bin\nio.dll
0x00007ff9248f0000 - 0x00007ff92490e000 	C:\Users\T\.gradle\native\25\windows-amd64\native-platform.dll
0x00007ff9240d0000 - 0x00007ff9240dd000 	C:\Program Files\Android\Android Studio\jre\jre\bin\management.dll
0x00007ff927de0000 - 0x00007ff927df7000 	C:\WINDOWS\SYSTEM32\CRYPTSP.dll
0x00007ff927810000 - 0x00007ff927843000 	C:\WINDOWS\system32\rsaenh.dll
0x00007ff927f10000 - 0x00007ff927f35000 	C:\WINDOWS\SYSTEM32\bcrypt.dll
0x00007ff9282e0000 - 0x00007ff928308000 	C:\WINDOWS\SYSTEM32\USERENV.dll
0x00007ff927e00000 - 0x00007ff927e0b000 	C:\WINDOWS\SYSTEM32\CRYPTBASE.dll
0x00007ff9279b0000 - 0x00007ff9279e8000 	C:\WINDOWS\SYSTEM32\IPHLPAPI.DLL
0x00007ff929530000 - 0x00007ff929538000 	C:\WINDOWS\System32\NSI.dll
0x00007ff921610000 - 0x00007ff921626000 	C:\WINDOWS\SYSTEM32\dhcpcsvc6.DLL
0x00007ff920e70000 - 0x00007ff920e8a000 	C:\WINDOWS\SYSTEM32\dhcpcsvc.DLL
0x00007ff918c20000 - 0x00007ff918de9000 	C:\WINDOWS\SYSTEM32\dbghelp.dll

VM Arguments:
jvm_args: -Xmx1536m -Dfile.encoding=GBK -Duser.country=MY -Duser.language=en -Duser.variant 
java_command: org.gradle.launcher.daemon.bootstrap.GradleDaemon 4.4
java_class_path (initial): C:\Users\T\.gradle\wrapper\dists\gradle-4.4-all\9br9xq1tocpiv8o6njlyu5op1\gradle-4.4\lib\gradle-launcher-4.4.jar
Launcher Type: SUN_STANDARD

Environment Variables:
CLASSPATH=;.;
PATH=C:\Program Files (x86)\Common Files\Oracle\Java\javapath;C:\oraclexe\app\oracle\product\11.2.0\server\bin;C:\ProgramData\Oracle\Java\javapath;C:\Program Files (x86)\Intel\iCLS Client\;C:\Program Files\Intel\iCLS Client\;C:\WINDOWS\system32;C:\WINDOWS;C:\WINDOWS\System32\Wbem;C:\WINDOWS\System32\WindowsPowerShell\v1.0\;C:\Program Files\Intel\Intel(R) Management Engine Components\DAL;C:\Program Files\Intel\Intel(R) Management Engine Components\IPT;C:\Program Files (x86)\Intel\Intel(R) Management Engine Components\DAL;C:\Program Files (x86)\Intel\Intel(R) Management Engine Components\IPT;C:\Program Files (x86)\NVIDIA Corporation\PhysX\Common;C:\Program Files\Microsoft SQL Server\130\Tools\Binn\;C:\Program Files\dotnet\;C:\Program Files (x86)\Windows Kits\10\Windows Performance Toolkit\;C:\Program Files\Microsoft SQL Server\Client SDK\ODBC\110\Tools\Binn\;C:\Program Files (x86)\Microsoft SQL Server\120\Tools\Binn\ManagementStudio\;C:\Program Files (x86)\Microsoft SQL Server\120\Tools\Binn\;C:\Program Files\Microsoft SQL Server\120\Tools\Binn\;C:\Program Files (x86)\Microsoft SQL Server\120\DTS\Binn\;C:\Program Files\Microsoft SQL Server\120\DTS\Binn\;C:\Program Files (x86)\Microsoft SQL Server\110\DTS\Binn\;C:\Program Files (x86)\Microsoft SQL Server\130\DTS\Binn\;C:\Program Files\Microsoft\Web Platform Installer\;C:\WINDOWS\system32;C:\WINDOWS;C:\WINDOWS\System32\Wbem;C:\WINDOWS\System32\WindowsPowerShell\v1.0\;C:\Program Files (x86)\Bitvise SSH Client;C:\Program Files\Java\jdk1.8.0_111\bin;C:\Program Files\graphviz-2.38\release\bin;C:\Program Files\MATLAB\R2017a\runtime\win64;C:\Program Files\MATLAB\R2017a\bin;C:\WINDOWS\System32\OpenSSH\;C:\Program Files\Git\cmd;C:\Users\T\AppData\Local\Microsoft\WindowsApps;
USERNAME=T
OS=Windows_NT
PROCESSOR_IDENTIFIER=Intel64 Family 6 Model 69 Stepping 1, GenuineIntel



---------------  S Y S T E M  ---------------

OS: Windows 10.0 , 64 bit Build 17134 (10.0.17134.1)

CPU:total 4 (initial active 4) (2 cores per cpu, 2 threads per core) family 6 model 69 stepping 1, cmov, cx8, fxsr, mmx, sse, sse2, sse3, ssse3, sse4.1, sse4.2, popcnt, avx, avx2, aes, clmul, erms, lzcnt, ht, tsc, tscinvbit, bmi1, bmi2

Memory: 4k page, physical 8278296k(1637924k free), swap 16939044k(5880172k free)

vm_info: OpenJDK 64-Bit Server VM (25.152-b02) for windows-amd64 JRE (1.8.0_152-release-1024-b02), built by "builder" with MS VC++ 10.0 (VS2010)

time: Fri Sep 07 11:19:40 2018
elapsed time: 2156 seconds (0d 0h 35m 56s)

